19:39:06 [main] INFO  com.demo.Application - Application.class
19:39:38 [default-nioEventLoopGroup-1-3] INFO  com.demo.controller.EmployeeController - emp controller.class
19:39:38 [default-nioEventLoopGroup-1-3] INFO  com.demo.validation.Validate - In Validate.class
19:39:46 [default-nioEventLoopGroup-1-3] INFO  com.demo.controller.EmployeeController - emp controller.class
19:39:46 [default-nioEventLoopGroup-1-3] INFO  com.demo.validation.Validate - In Validate.class
10:30:29 [Test worker] INFO  com.demo.controller.EmployeeController - emp controller.class
10:30:29 [Test worker] INFO  com.demo.validation.Validate - In Validate.class
10:31:19 [Test worker] INFO  com.demo.controller.EmployeeController - emp controller.class
10:31:19 [Test worker] INFO  com.demo.validation.Validate - In Validate.class
12:43:39 [Test worker] INFO  com.demo.controller.EmployeeController - emp controller.class
12:43:39 [Test worker] INFO  com.demo.validation.Validate - In Validate.class
13:48:43 [main] INFO  com.demo.Application - Application.class
13:54:13 [main] INFO  com.demo.Application - Application.class
13:54:36 [default-nioEventLoopGroup-1-3] INFO  com.demo.controller.EmployeeController - emp controller.class
13:54:36 [default-nioEventLoopGroup-1-3] INFO  com.demo.validation.Validate - In Validate.class
14:04:01 [Test worker] INFO  com.demo.controller.EmployeeController - emp controller.class
14:04:01 [Test worker] INFO  com.demo.validation.Validate - In Validate.class
14:05:18 [Test worker] INFO  com.demo.controller.EmployeeController - emp controller.class
14:05:18 [Test worker] INFO  com.demo.validation.Validate - In Validate.class
14:07:16 [Test worker] INFO  com.demo.controller.EmployeeController - emp controller.class
14:07:16 [Test worker] INFO  com.demo.validation.Validate - In Validate.class
14:08:23 [Test worker] INFO  com.demo.controller.EmployeeController - emp controller.class
14:08:23 [Test worker] INFO  com.demo.validation.Validate - In Validate.class
14:09:30 [Test worker] INFO  com.demo.controller.EmployeeController - emp controller.class
14:09:30 [Test worker] INFO  com.demo.validation.Validate - In Validate.class
14:10:24 [Test worker] INFO  com.demo.controller.EmployeeController - emp controller.class
14:10:24 [Test worker] INFO  com.demo.validation.Validate - In Validate.class
14:11:59 [Test worker] INFO  com.demo.controller.EmployeeController - emp controller.class
14:11:59 [Test worker] INFO  com.demo.validation.Validate - In Validate.class
14:13:11 [Test worker] INFO  com.demo.controller.EmployeeController - emp controller.class
14:13:11 [Test worker] INFO  com.demo.validation.Validate - In Validate.class
16:41:34 [Test worker] INFO  com.demo.controller.EmployeeController - emp controller.class
16:41:34 [Test worker] INFO  com.demo.validation.Validate - In Validate.class
